Added Component: Designator=U5(TSQFP50P900X900X160-48N)
Add component. Clean all parameters for all variants
Add component (AddParameter): Name = "ADC Channels"; Value = "10"; VariantName = "[No Variations]"
Add component (AddParameter): Name = "ADC Resolution"; Value = "12bit"; VariantName = "[No Variations]"
Add component (AddParameter): Name = "ADCs"; Value = "2(10 x 12 bit)"; VariantName = "[No Variations]"
Add component (AddParameter): Name = "ComponentLink1Description"; Value = "https://datasheet.ciiva.com/16210/cd00161566-16210248.pdf"; VariantName = "[No Variations]"
Add component (AddParameter): Name = "ComponentLink1URL"; Value = "https://datasheet.ciiva.com/16210/cd00161566-16210248.pdf"; VariantName = "[No Variations]"
Add component (AddParameter): Name = "ComponentLink2Description"; Value = "https://datasheet.ciiva.com/14100/pustm-arm-microcont-stm32f103-en-14100508.pdf"; VariantName = "[No Variations]"
Add component (AddParameter): Name = "ComponentLink2URL"; Value = "https://datasheet.ciiva.com/14100/pustm-arm-microcont-stm32f103-en-14100508.pdf"; VariantName = "[No Variations]"
Add component (AddParameter): Name = "ComponentLink3Description"; Value = "https://datasheet.ciiva.com/15122/getdatasheetpartid-69880-15122076.pdf"; VariantName = "[No Variations]"
Add component (AddParameter): Name = "ComponentLink3URL"; Value = "https://datasheet.ciiva.com/15122/getdatasheetpartid-69880-15122076.pdf"; VariantName = "[No Variations]"
Add component (AddParameter): Name = "ComponentLink4Description"; Value = "https://datasheet.ciiva.com/8054/1730126-8054942.pdf"; VariantName = "[No Variations]"
Add component (AddParameter): Name = "ComponentLink4URL"; Value = "https://datasheet.ciiva.com/8054/1730126-8054942.pdf"; VariantName = "[No Variations]"
Add component (AddParameter): Name = "ComponentLink5Description"; Value = "https://datasheet.ciiva.com/48687/001075658-da-01-en-mcu-64kb-mem-stm32f103c8t6-lqfp-48-stm-48687589.pdf"; VariantName = "[No Variations]"
Add component (AddParameter): Name = "ComponentLink5URL"; Value = "https://datasheet.ciiva.com/48687/001075658-da-01-en-mcu-64kb-mem-stm32f103c8t6-lqfp-48-stm-48687589.pdf"; VariantName = "[No Variations]"
Add component (AddParameter): Name = "ComponentLink6Description"; Value = "https://datasheet.ciiva.com/26816/stm32f103c8t6-26816902.pdf"; VariantName = "[No Variations]"
Add component (AddParameter): Name = "ComponentLink6URL"; Value = "https://datasheet.ciiva.com/26816/stm32f103c8t6-26816902.pdf"; VariantName = "[No Variations]"
Add component (AddParameter): Name = "Data Bus Width"; Value = "32bit"; VariantName = "[No Variations]"
Add component (AddParameter): Name = "Device Core"; Value = "ARM Cortex M3"; VariantName = "[No Variations]"
Add component (AddParameter): Name = "Dimensions"; Value = "7.2 x 7.2 x 1.45mm"; VariantName = "[No Variations]"
Add component (AddParameter): Name = "Family Name"; Value = "STM32F"; VariantName = "[No Variations]"
Add component (AddParameter): Name = "Height"; Value = "1.45mm"; VariantName = "[No Variations]"
Add component (AddParameter): Name = "Instruction Set Architecture"; Value = "RISC"; VariantName = "[No Variations]"
Add component (AddParameter): Name = "Length"; Value = "7.2mm"; VariantName = "[No Variations]"
Add component (AddParameter): Name = "Manufacturer"; Value = "STMicroelectronics"; VariantName = "[No Variations]"
Add component (AddParameter): Name = "Manufacturer Part Number"; Value = "STM32F103C8T6"; VariantName = "[No Variations]"
Add component (AddParameter): Name = "Maximum Frequency"; Value = "72MHz"; VariantName = "[No Variations]"
Add component (AddParameter): Name = "Maximum Operating Temperature"; Value = "+85 °C"; VariantName = "[No Variations]"
Add component (AddParameter): Name = "Minimum Operating Temperature"; Value = "-40 °C"; VariantName = "[No Variations]"
Add component (AddParameter): Name = "Mounting Type"; Value = "Surface Mount"; VariantName = "[No Variations]"
Add component (AddParameter): Name = "Number of ADC Units"; Value = "2"; VariantName = "[No Variations]"
Add component (AddParameter): Name = "Number of CAN Channels"; Value = "1"; VariantName = "[No Variations]"
Add component (AddParameter): Name = "Number of I2C Channels"; Value = "2"; VariantName = "[No Variations]"
Add component (AddParameter): Name = "Number of PWM Units"; Value = "1"; VariantName = "[No Variations]"
Add component (AddParameter): Name = "Number of SPI Channels"; Value = "2"; VariantName = "[No Variations]"
Add component (AddParameter): Name = "Number of Timers"; Value = "3"; VariantName = "[No Variations]"
Add component (AddParameter): Name = "Number of USART Channels"; Value = "3"; VariantName = "[No Variations]"
Add component (AddParameter): Name = "Package Type"; Value = "LQFP"; VariantName = "[No Variations]"
Add component (AddParameter): Name = "Pin Count"; Value = "48"; VariantName = "[No Variations]"
Add component (AddParameter): Name = "Pricing 1"; Value = "1=6.06, 10=5.438, 100=4.4558, 500=3.7931, 1000=3.199 (USD)"; VariantName = "[No Variations]"
Add component (AddParameter): Name = "Program Memory Size"; Value = "64 kB"; VariantName = "[No Variations]"
Add component (AddParameter): Name = "Program Memory Type"; Value = "Flash"; VariantName = "[No Variations]"
Add component (AddParameter): Name = "Pulse Width Modulation"; Value = "1(16 bit) (Motor Control)"; VariantName = "[No Variations]"
Add component (AddParameter): Name = "PWM Resolution"; Value = "16bit"; VariantName = "[No Variations]"
Add component (AddParameter): Name = "RAM Size"; Value = "20 kB"; VariantName = "[No Variations]"
Add component (AddParameter): Name = "Stock 1"; Value = "2771"; VariantName = "[No Variations]"
Add component (AddParameter): Name = "Supplier 1"; Value = "Digi-Key"; VariantName = "[No Variations]"
Add component (AddParameter): Name = "Supplier Part Number 1"; Value = "497-6063-ND"; VariantName = "[No Variations]"
Add component (AddParameter): Name = "Timer Resolution"; Value = "16bit"; VariantName = "[No Variations]"
Add component (AddParameter): Name = "Timers"; Value = "3 x 16 bit"; VariantName = "[No Variations]"
Add component (AddParameter): Name = "Typical Operating Supply Voltage"; Value = "2 ? 3.6 V"; VariantName = "[No Variations]"
Add component (AddParameter): Name = "USB Channels"; Value = "1 x Device"; VariantName = "[No Variations]"
Add component (AddParameter): Name = "Width"; Value = "7.2mm"; VariantName = "[No Variations]"
Added Component: Designator=U6(SOT95P279X129-5N)
Add component. Clean all parameters for all variants
Add component (AddParameter): Name = "ComponentLink1Description"; Value = "http://www.farnell.com/datasheets/1720535.pdf"; VariantName = "[No Variations]"
Add component (AddParameter): Name = "ComponentLink1URL"; Value = "http://www.farnell.com/datasheets/1720535.pdf"; VariantName = "[No Variations]"
Add component (AddParameter): Name = "ComponentLink2Description"; Value = "http://www.richtek.com/assets/product_file/RT9193/DS9193-16.pdf"; VariantName = "[No Variations]"
Add component (AddParameter): Name = "ComponentLink2URL"; Value = "http://www.richtek.com/assets/product_file/RT9193/DS9193-16.pdf"; VariantName = "[No Variations]"
Add component (AddParameter): Name = "Input Voltage Max"; Value = "5.5V"; VariantName = "[No Variations]"
Add component (AddParameter): Name = "Input Voltage Min"; Value = "2.5V"; VariantName = "[No Variations]"
Add component (AddParameter): Name = "LDO Regulator Case Style"; Value = "SOT-23"; VariantName = "[No Variations]"
Add component (AddParameter): Name = "Manufacturer"; Value = "Richtek"; VariantName = "[No Variations]"
Add component (AddParameter): Name = "Manufacturer Part Number"; Value = "RT9193-15GB"; VariantName = "[No Variations]"
Add component (AddParameter): Name = "No. of Pins"; Value = "5Pins"; VariantName = "[No Variations]"
Add component (AddParameter): Name = "Operating Temperature Max"; Value = "85°C"; VariantName = "[No Variations]"
Add component (AddParameter): Name = "Operating Temperature Min"; Value = "-40°C"; VariantName = "[No Variations]"
Add component (AddParameter): Name = "Output Current"; Value = "300mA"; VariantName = "[No Variations]"
Add component (AddParameter): Name = "Output Voltage Nom."; Value = "1.5V"; VariantName = "[No Variations]"
Add component (AddParameter): Name = "Packaging"; Value = "Each"; VariantName = "[No Variations]"
Add component (AddParameter): Name = "Stock 1"; Value = "2999"; VariantName = "[No Variations]"
Add component (AddParameter): Name = "Supplier 1"; Value = "Newark"; VariantName = "[No Variations]"
Add component (AddParameter): Name = "Supplier Part Number 1"; Value = "42AC0083"; VariantName = "[No Variations]"
Add component (AddParameter): Name = "SVHC"; Value = "No SVHC (17-Dec-2015)"; VariantName = "[No Variations]"
Added Pin To Net: NetName=BUZZER Pin=U5-2
Added Pin To Net: NetName=PC14 Pin=U5-3
Added Pin To Net: NetName=PC15 Pin=U5-4
Added Pin To Net: NetName=OSCIN Pin=U5-5
Added Pin To Net: NetName=OSCOUT Pin=U5-6
Added Pin To Net: NetName=NRST Pin=U5-7
Added Pin To Net: NetName=GND Pin=U5-8
Added Pin To Net: NetName=VCC3V3 Pin=U5-9
Added Pin To Net: NetName=CONTROL Pin=U5-11
Added Pin To Net: NetName=PLD Pin=U5-12
Added Pin To Net: NetName=CLK Pin=U5-15
Added Pin To Net: NetName=DIN_U1 Pin=U5-16
Added Pin To Net: NetName=LOAD Pin=U5-17
Added Pin To Net: NetName=ADC Pin=U5-19
Added Pin To Net: NetName=BOOT1 Pin=U5-20
Added Pin To Net: NetName=GND Pin=U5-23
Added Pin To Net: NetName=VCC3V3 Pin=U5-24
Added Pin To Net: NetName=P4 Pin=U5-25
Added Pin To Net: NetName=P3 Pin=U5-26
Added Pin To Net: NetName=P2 Pin=U5-27
Added Pin To Net: NetName=P1 Pin=U5-28
Added Pin To Net: NetName=T4 Pin=U5-29
Added Pin To Net: NetName=T3 Pin=U5-30
Added Pin To Net: NetName=T2 Pin=U5-31
Added Pin To Net: NetName=T1 Pin=U5-32
Added Pin To Net: NetName=PA12 Pin=U5-33
Added Pin To Net: NetName=SWIO Pin=U5-34
Added Pin To Net: NetName=GND Pin=U5-35
Added Pin To Net: NetName=VCC3V3 Pin=U5-36
Added Pin To Net: NetName=SWCLK Pin=U5-37
Added Pin To Net: NetName=PA15 Pin=U5-38
Added Pin To Net: NetName=PB3 Pin=U5-39
Added Pin To Net: NetName=PB4 Pin=U5-40
Added Pin To Net: NetName=PB5 Pin=U5-41
Added Pin To Net: NetName=PB6 Pin=U5-42
Added Pin To Net: NetName=PB7 Pin=U5-43
Added Pin To Net: NetName=BOOT0 Pin=U5-44
Added Pin To Net: NetName=PB8 Pin=U5-45
Added Pin To Net: NetName=PB9 Pin=U5-46
Added Pin To Net: NetName=GND Pin=U5-47
Added Pin To Net: NetName=VCC3V3 Pin=U5-48
Added Pin To Net: NetName=5V Pin=U6-1
Added Pin To Net: NetName=GND Pin=U6-2
Added Pin To Net: NetName=5V Pin=U6-3
Added Pin To Net: NetName=NetC10_2 Pin=U6-4
Added Pin To Net: NetName=NetD1_1 Pin=U6-5
Added Member To Class: ClassName=Sche_Main Member=Component U5 STM32F103C8Tx
Added Member To Class: ClassName=Sche_Main Member=Component U6 RT9193
