Change Physical Footprint: Designator=C1 Old Footprint=CAP-SM-0805 New Footprint=CAP-SM-0805
Change Physical Footprint: Designator=C2 Old Footprint=CAP-SM-0805 New Footprint=CAP-SM-0805
Change Physical Footprint: Designator=C3 Old Footprint=CAP-SM-0805 New Footprint=CAP-SM-0805
Change Physical Footprint: Designator=C4 Old Footprint=CAP-SM-0805 New Footprint=CAP-SM-0805
Change Physical Footprint: Designator=C5 Old Footprint=CAP-SM-0805 New Footprint=CAP-SM-0805
Change Physical Footprint: Designator=C6 Old Footprint=CAP-SM-0805 New Footprint=CAP-SM-0805
Change Physical Footprint: Designator=C7 Old Footprint=CAP-SM-0805 New Footprint=CAP-SM-0805
Change Physical Footprint: Designator=C8 Old Footprint=CAP-SM-0805 New Footprint=CAP-SM-0805
Change Physical Footprint: Designator=LED1 Old Footprint=DIOM3228X21N New Footprint=DIOM3228X21N
Change Physical Footprint: Designator=LED2 Old Footprint=DIOM3228X21N New Footprint=DIOM3228X21N
Change Physical Footprint: Designator=LED3 Old Footprint=DIOM3228X21N New Footprint=DIOM3228X21N
Change Physical Footprint: Designator=LED4 Old Footprint=DIOM3228X21N New Footprint=DIOM3228X21N
Change Physical Footprint: Designator=LED5 Old Footprint=DIOM3228X21N New Footprint=DIOM3228X21N
Change Physical Footprint: Designator=LED6 Old Footprint=DIOM3228X21N New Footprint=DIOM3228X21N
Change Physical Footprint: Designator=LED7 Old Footprint=DIOM3228X21N New Footprint=DIOM3228X21N
Change Physical Footprint: Designator=LED8 Old Footprint=DIOM3228X21N New Footprint=DIOM3228X21N
Change Physical Footprint: Designator=LED9 Old Footprint=DIOM3228X21N New Footprint=DIOM3228X21N
Change Physical Footprint: Designator=LED10 Old Footprint=DIOM3228X21N New Footprint=DIOM3228X21N
Change Physical Footprint: Designator=LED11 Old Footprint=DIOM3228X21N New Footprint=DIOM3228X21N
Change Physical Footprint: Designator=LED12 Old Footprint=DIOM3228X21N New Footprint=DIOM3228X21N
Change Physical Footprint: Designator=LED13 Old Footprint=DIOM3228X21N New Footprint=DIOM3228X21N
Change Physical Footprint: Designator=LED14 Old Footprint=DIOM3228X21N New Footprint=DIOM3228X21N
Change Physical Footprint: Designator=LED15 Old Footprint=DIOM3228X21N New Footprint=DIOM3228X21N
Change Physical Footprint: Designator=LED16 Old Footprint=DIOM3228X21N New Footprint=DIOM3228X21N
Change Physical Footprint: Designator=LED17 Old Footprint=DIOM3228X21N New Footprint=DIOM3228X21N
Change Physical Footprint: Designator=LED18 Old Footprint=DIOM3228X21N New Footprint=DIOM3228X21N
Change Physical Footprint: Designator=LED19 Old Footprint=DIOM3228X21N New Footprint=DIOM3228X21N
Change Physical Footprint: Designator=LED20 Old Footprint=DIOM3228X21N New Footprint=DIOM3228X21N
Change Physical Footprint: Designator=LED21 Old Footprint=DIOM3228X21N New Footprint=DIOM3228X21N
Change Physical Footprint: Designator=LED22 Old Footprint=DIOM3228X21N New Footprint=DIOM3228X21N
Change Physical Footprint: Designator=LED23 Old Footprint=DIOM3228X21N New Footprint=DIOM3228X21N
Change Physical Footprint: Designator=LED24 Old Footprint=DIOM3228X21N New Footprint=DIOM3228X21N
Change Physical Footprint: Designator=LED25 Old Footprint=DIOM3228X21N New Footprint=DIOM3228X21N
Change Physical Footprint: Designator=LED26 Old Footprint=DIOM3228X21N New Footprint=DIOM3228X21N
Change Physical Footprint: Designator=LED27 Old Footprint=DIOM3228X21N New Footprint=DIOM3228X21N
Change Physical Footprint: Designator=LED28 Old Footprint=DIOM3228X21N New Footprint=DIOM3228X21N
Change Physical Footprint: Designator=LED29 Old Footprint=DIOM3228X21N New Footprint=DIOM3228X21N
Change Physical Footprint: Designator=LED30 Old Footprint=DIOM3228X21N New Footprint=DIOM3228X21N
Change Physical Footprint: Designator=LED31 Old Footprint=DIOM3228X21N New Footprint=DIOM3228X21N
Change Physical Footprint: Designator=LED32 Old Footprint=DIOM3228X21N New Footprint=DIOM3228X21N
Change Physical Footprint: Designator=LED33 Old Footprint=DIOM3228X21N New Footprint=DIOM3228X21N
Change Physical Footprint: Designator=LED34 Old Footprint=DIOM3228X21N New Footprint=DIOM3228X21N
Change Physical Footprint: Designator=LED35 Old Footprint=DIOM3228X21N New Footprint=DIOM3228X21N
Change Physical Footprint: Designator=LED36 Old Footprint=DIOM3228X21N New Footprint=DIOM3228X21N
Change Physical Footprint: Designator=LED37 Old Footprint=DIOM3228X21N New Footprint=DIOM3228X21N
Change Physical Footprint: Designator=LED38 Old Footprint=DIOM3228X21N New Footprint=DIOM3228X21N
Change Physical Footprint: Designator=LED39 Old Footprint=DIOM3228X21N New Footprint=DIOM3228X21N
Change Physical Footprint: Designator=LED40 Old Footprint=DIOM3228X21N New Footprint=DIOM3228X21N
Change Physical Footprint: Designator=LED41 Old Footprint=DIOM3228X21N New Footprint=DIOM3228X21N
Change Physical Footprint: Designator=LED42 Old Footprint=DIOM3228X21N New Footprint=DIOM3228X21N
Change Physical Footprint: Designator=LED43 Old Footprint=DIOM3228X21N New Footprint=DIOM3228X21N
Change Physical Footprint: Designator=LED44 Old Footprint=DIOM3228X21N New Footprint=DIOM3228X21N
Change Physical Footprint: Designator=LED45 Old Footprint=DIOM3228X21N New Footprint=DIOM3228X21N
Change Physical Footprint: Designator=LED46 Old Footprint=DIOM3228X21N New Footprint=DIOM3228X21N
Change Physical Footprint: Designator=LED47 Old Footprint=DIOM3228X21N New Footprint=DIOM3228X21N
Change Physical Footprint: Designator=LED48 Old Footprint=DIOM3228X21N New Footprint=DIOM3228X21N
Change Physical Footprint: Designator=LED49 Old Footprint=DIOM3228X21N New Footprint=DIOM3228X21N
Change Physical Footprint: Designator=LED50 Old Footprint=DIOM3228X21N New Footprint=DIOM3228X21N
Change Physical Footprint: Designator=LED51 Old Footprint=DIOM3228X21N New Footprint=DIOM3228X21N
Change Physical Footprint: Designator=LED52 Old Footprint=DIOM3228X21N New Footprint=DIOM3228X21N
Change Physical Footprint: Designator=LED53 Old Footprint=DIOM3228X21N New Footprint=DIOM3228X21N
Change Physical Footprint: Designator=LED54 Old Footprint=DIOM3228X21N New Footprint=DIOM3228X21N
Change Physical Footprint: Designator=LED55 Old Footprint=DIOM3228X21N New Footprint=DIOM3228X21N
Change Physical Footprint: Designator=LED56 Old Footprint=DIOM3228X21N New Footprint=DIOM3228X21N
Change Physical Footprint: Designator=LED57 Old Footprint=DIOM3228X21N New Footprint=DIOM3228X21N
Change Physical Footprint: Designator=LED58 Old Footprint=DIOM3228X21N New Footprint=DIOM3228X21N
Change Physical Footprint: Designator=LED59 Old Footprint=DIOM3228X21N New Footprint=DIOM3228X21N
Change Physical Footprint: Designator=LED60 Old Footprint=DIOM3228X21N New Footprint=DIOM3228X21N
Change Physical Footprint: Designator=LED61 Old Footprint=DIOM3228X21N New Footprint=DIOM3228X21N
Change Physical Footprint: Designator=LED62 Old Footprint=DIOM3228X21N New Footprint=DIOM3228X21N
Change Physical Footprint: Designator=LED63 Old Footprint=DIOM3228X21N New Footprint=DIOM3228X21N
Change Physical Footprint: Designator=LED64 Old Footprint=DIOM3228X21N New Footprint=DIOM3228X21N
Change Physical Footprint: Designator=LED65 Old Footprint=DIOM3228X21N New Footprint=DIOM3228X21N
Change Physical Footprint: Designator=LED66 Old Footprint=DIOM3228X21N New Footprint=DIOM3228X21N
Change Physical Footprint: Designator=LED67 Old Footprint=DIOM3228X21N New Footprint=DIOM3228X21N
Change Physical Footprint: Designator=LED68 Old Footprint=DIOM3228X21N New Footprint=DIOM3228X21N
Change Physical Footprint: Designator=LED69 Old Footprint=DIOM3228X21N New Footprint=DIOM3228X21N
Change Physical Footprint: Designator=LED70 Old Footprint=DIOM3228X21N New Footprint=DIOM3228X21N
Change Physical Footprint: Designator=LED71 Old Footprint=DIOM3228X21N New Footprint=DIOM3228X21N
Change Physical Footprint: Designator=LED72 Old Footprint=DIOM3228X21N New Footprint=DIOM3228X21N
Change Physical Footprint: Designator=LED73 Old Footprint=DIOM3228X21N New Footprint=DIOM3228X21N
Change Physical Footprint: Designator=LED74 Old Footprint=DIOM3228X21N New Footprint=DIOM3228X21N
Change Physical Footprint: Designator=LED75 Old Footprint=DIOM3228X21N New Footprint=DIOM3228X21N
Change Physical Footprint: Designator=LED76 Old Footprint=DIOM3228X21N New Footprint=DIOM3228X21N
Change Physical Footprint: Designator=LED77 Old Footprint=DIOM3228X21N New Footprint=DIOM3228X21N
Change Physical Footprint: Designator=LED78 Old Footprint=DIOM3228X21N New Footprint=DIOM3228X21N
Change Physical Footprint: Designator=LED79 Old Footprint=DIOM3228X21N New Footprint=DIOM3228X21N
Change Physical Footprint: Designator=LED80 Old Footprint=DIOM3228X21N New Footprint=DIOM3228X21N
Change Physical Footprint: Designator=LED81 Old Footprint=DIOM3228X21N New Footprint=DIOM3228X21N
Change Physical Footprint: Designator=LED82 Old Footprint=DIOM3228X21N New Footprint=DIOM3228X21N
Change Physical Footprint: Designator=LED83 Old Footprint=DIOM3228X21N New Footprint=DIOM3228X21N
Change Physical Footprint: Designator=LED84 Old Footprint=DIOM3228X21N New Footprint=DIOM3228X21N
Change Physical Footprint: Designator=LED85 Old Footprint=DIOM3228X21N New Footprint=DIOM3228X21N
Change Physical Footprint: Designator=LED86 Old Footprint=DIOM3228X21N New Footprint=DIOM3228X21N
Change Physical Footprint: Designator=LED87 Old Footprint=DIOM3228X21N New Footprint=DIOM3228X21N
Change Physical Footprint: Designator=LED88 Old Footprint=DIOM3228X21N New Footprint=DIOM3228X21N
Change Physical Footprint: Designator=LED89 Old Footprint=DIOM3228X21N New Footprint=DIOM3228X21N
Change Physical Footprint: Designator=LED90 Old Footprint=DIOM3228X21N New Footprint=DIOM3228X21N
Change Physical Footprint: Designator=LED91 Old Footprint=DIOM3228X21N New Footprint=DIOM3228X21N
Change Physical Footprint: Designator=LED92 Old Footprint=DIOM3228X21N New Footprint=DIOM3228X21N
Change Physical Footprint: Designator=LED93 Old Footprint=DIOM3228X21N New Footprint=DIOM3228X21N
Change Physical Footprint: Designator=LED94 Old Footprint=DIOM3228X21N New Footprint=DIOM3228X21N
Change Physical Footprint: Designator=LED95 Old Footprint=DIOM3228X21N New Footprint=DIOM3228X21N
Change Physical Footprint: Designator=LED96 Old Footprint=DIOM3228X21N New Footprint=DIOM3228X21N
Change Physical Footprint: Designator=LED97 Old Footprint=DIOM3228X21N New Footprint=DIOM3228X21N
Change Physical Footprint: Designator=LED98 Old Footprint=DIOM3228X21N New Footprint=DIOM3228X21N
Change Physical Footprint: Designator=LED99 Old Footprint=DIOM3228X21N New Footprint=DIOM3228X21N
Change Physical Footprint: Designator=LED100 Old Footprint=DIOM3228X21N New Footprint=DIOM3228X21N
Change Physical Footprint: Designator=LED101 Old Footprint=DIOM3228X21N New Footprint=DIOM3228X21N
Change Physical Footprint: Designator=LED102 Old Footprint=DIOM3228X21N New Footprint=DIOM3228X21N
Change Physical Footprint: Designator=LED103 Old Footprint=DIOM3228X21N New Footprint=DIOM3228X21N
Change Physical Footprint: Designator=LED104 Old Footprint=DIOM3228X21N New Footprint=DIOM3228X21N
Change Physical Footprint: Designator=LED105 Old Footprint=DIOM3228X21N New Footprint=DIOM3228X21N
Change Physical Footprint: Designator=LED106 Old Footprint=DIOM3228X21N New Footprint=DIOM3228X21N
Change Physical Footprint: Designator=LED107 Old Footprint=DIOM3228X21N New Footprint=DIOM3228X21N
Change Physical Footprint: Designator=LED108 Old Footprint=DIOM3228X21N New Footprint=DIOM3228X21N
Change Physical Footprint: Designator=LED109 Old Footprint=DIOM3228X21N New Footprint=DIOM3228X21N
Change Physical Footprint: Designator=LED110 Old Footprint=DIOM3228X21N New Footprint=DIOM3228X21N
Change Physical Footprint: Designator=LED111 Old Footprint=DIOM3228X21N New Footprint=DIOM3228X21N
Change Physical Footprint: Designator=LED112 Old Footprint=DIOM3228X21N New Footprint=DIOM3228X21N
Change Physical Footprint: Designator=LED113 Old Footprint=DIOM3228X21N New Footprint=DIOM3228X21N
Change Physical Footprint: Designator=LED114 Old Footprint=DIOM3228X21N New Footprint=DIOM3228X21N
Change Physical Footprint: Designator=LED115 Old Footprint=DIOM3228X21N New Footprint=DIOM3228X21N
Change Physical Footprint: Designator=LED116 Old Footprint=DIOM3228X21N New Footprint=DIOM3228X21N
Change Physical Footprint: Designator=LED117 Old Footprint=DIOM3228X21N New Footprint=DIOM3228X21N
Change Physical Footprint: Designator=LED118 Old Footprint=DIOM3228X21N New Footprint=DIOM3228X21N
Change Physical Footprint: Designator=LED119 Old Footprint=DIOM3228X21N New Footprint=DIOM3228X21N
Change Physical Footprint: Designator=LED120 Old Footprint=DIOM3228X21N New Footprint=DIOM3228X21N
Change Physical Footprint: Designator=LED121 Old Footprint=DIOM3228X21N New Footprint=DIOM3228X21N
Change Physical Footprint: Designator=LED_M1 Old Footprint=DIOM3228X21N New Footprint=DIOM3228X21N
Change Physical Footprint: Designator=LED_M2 Old Footprint=DIOM3228X21N New Footprint=DIOM3228X21N
Change Physical Footprint: Designator=LED_M3 Old Footprint=DIOM3228X21N New Footprint=DIOM3228X21N
Change Physical Footprint: Designator=LED_M4 Old Footprint=DIOM3228X21N New Footprint=DIOM3228X21N
Change Physical Footprint: Designator=LED_S1 Old Footprint=DIOM3228X21N New Footprint=DIOM3228X21N
Change Physical Footprint: Designator=P1 Old Footprint=JP5 New Footprint=JP5
Change Physical Footprint: Designator=R1 Old Footprint=RES-SM-0805 New Footprint=RES-SM-0805
Change Physical Footprint: Designator=R2 Old Footprint=RES-SM-0805 New Footprint=RES-SM-0805
Change Physical Footprint: Designator=R3 Old Footprint=RES-SM-0805 New Footprint=RES-SM-0805
Change Physical Footprint: Designator=R4 Old Footprint=RES-SM-0805 New Footprint=RES-SM-0805
Change Physical Footprint: Designator=U1 Old Footprint=SOIC127P1030X265-24N New Footprint=SOIC127P1030X265-24N
Change Physical Footprint: Designator=U2 Old Footprint=SOIC127P1030X265-24N New Footprint=SOIC127P1030X265-24N
Change Physical Footprint: Designator=U3 Old Footprint=SOIC127P1030X265-24N New Footprint=SOIC127P1030X265-24N
Change Physical Footprint: Designator=U4 Old Footprint=SOIC127P1030X265-24N New Footprint=SOIC127P1030X265-24N
