Removed Pin From Net: NetName=LED0_U4 Pin=LED_M1-2
Removed Pin From Net: NetName=LED1_U4 Pin=LED_M2-2
Removed Pin From Net: NetName=LED2_U4 Pin=LED_M3-2
Removed Pin From Net: NetName=LED0_U1 Pin=U1-2
Removed Pin From Net: NetName=LED4_U1 Pin=U1-3
Removed Pin From Net: NetName=LED6_U1 Pin=U1-5
Removed Pin From Net: NetName=LED2_U1 Pin=U1-6
Removed Pin From Net: NetName=LED3_U1 Pin=U1-7
Removed Pin From Net: NetName=LED7_U1 Pin=U1-8
Removed Pin From Net: NetName=LED5_U1 Pin=U1-10
Removed Pin From Net: NetName=LED1_U1 Pin=U1-11
Removed Pin From Net: NetName=LEDA_U1 Pin=U1-14
Removed Pin From Net: NetName=LEDF_U1 Pin=U1-15
Removed Pin From Net: NetName=LEDB_U1 Pin=U1-16
Removed Pin From Net: NetName=LEDG_U1 Pin=U1-17
Removed Pin From Net: NetName=LEDC_U1 Pin=U1-20
Removed Pin From Net: NetName=LEDE_U1 Pin=U1-21
Removed Pin From Net: NetName=LEDDP_U1 Pin=U1-22
Removed Pin From Net: NetName=LEDD_U1 Pin=U1-23
Removed Pin From Net: NetName=LED0_U2 Pin=U2-2
Removed Pin From Net: NetName=LED2_U2 Pin=U2-6
Removed Pin From Net: NetName=LED1_U2 Pin=U2-11
Removed Pin From Net: NetName=LEDA_U2 Pin=U2-14
Removed Pin From Net: NetName=LEDF_U2 Pin=U2-15
Removed Pin From Net: NetName=LEDB_U2 Pin=U2-16
Removed Pin From Net: NetName=LEDG_U2 Pin=U2-17
Removed Pin From Net: NetName=LEDC_U2 Pin=U2-20
Removed Pin From Net: NetName=LEDE_U2 Pin=U2-21
Removed Pin From Net: NetName=LEDDP_U2 Pin=U2-22
Removed Pin From Net: NetName=LEDD_U2 Pin=U2-23
Removed Pin From Net: NetName=LED0_U3 Pin=U3-2
Removed Pin From Net: NetName=LED4_U3 Pin=U3-3
Removed Pin From Net: NetName=LED6_U3 Pin=U3-5
Removed Pin From Net: NetName=LED2_U3 Pin=U3-6
Removed Pin From Net: NetName=LED3_U3 Pin=U3-7
Removed Pin From Net: NetName=LED7_U3 Pin=U3-8
Removed Pin From Net: NetName=LED5_U3 Pin=U3-10
Removed Pin From Net: NetName=LED1_U3 Pin=U3-11
Removed Pin From Net: NetName=LEDA_U3 Pin=U3-14
Removed Pin From Net: NetName=LEDB_U3 Pin=U3-16
Removed Pin From Net: NetName=LEDC_U3 Pin=U3-20
Removed Pin From Net: NetName=LED0_U4 Pin=U4-2
Removed Pin From Net: NetName=LED2_U4 Pin=U4-6
Removed Pin From Net: NetName=LED1_U4 Pin=U4-11
Removed Pin From Net: NetName=LEDA_U4 Pin=U4-14
Removed Pin From Net: NetName=LEDB_U4 Pin=U4-16
Removed Pin From Net: NetName=LEDC_U4 Pin=U4-20
Removed Pin From Net: NetName=LEDD_U4 Pin=U4-23
Added Pin To Net: NetName=LED0_U4 Pin=LED_M2-2
Added Pin To Net: NetName=LED1_U4 Pin=LED_M3-2
Added Pin To Net: NetName=LED2_U4 Pin=LED_M4-2
Added Pin To Net: NetName=LEDA_U1 Pin=U1-2
Added Pin To Net: NetName=LEDE_U1 Pin=U1-3
Added Pin To Net: NetName=LEDG_U1 Pin=U1-5
Added Pin To Net: NetName=LEDC_U1 Pin=U1-6
Added Pin To Net: NetName=LEDD_U1 Pin=U1-7
Added Pin To Net: NetName=LEDDP_U1 Pin=U1-8
Added Pin To Net: NetName=LEDF_U1 Pin=U1-10
Added Pin To Net: NetName=LEDB_U1 Pin=U1-11
Added Pin To Net: NetName=LED1_U1 Pin=U1-14
Added Pin To Net: NetName=LED6_U1 Pin=U1-15
Added Pin To Net: NetName=LED2_U1 Pin=U1-16
Added Pin To Net: NetName=LED7_U1 Pin=U1-17
Added Pin To Net: NetName=LED3_U1 Pin=U1-20
Added Pin To Net: NetName=LED5_U1 Pin=U1-21
Added Pin To Net: NetName=LED0_U1 Pin=U1-22
Added Pin To Net: NetName=LED4_U1 Pin=U1-23
Added Pin To Net: NetName=LEDA_U2 Pin=U2-2
Added Pin To Net: NetName=LEDE_U2 Pin=U2-3
Added Pin To Net: NetName=LEDG_U2 Pin=U2-5
Added Pin To Net: NetName=LEDC_U2 Pin=U2-6
Added Pin To Net: NetName=LEDD_U2 Pin=U2-7
Added Pin To Net: NetName=LEDDP_U2 Pin=U2-8
Added Pin To Net: NetName=LEDF_U2 Pin=U2-10
Added Pin To Net: NetName=LEDB_U2 Pin=U2-11
Added Pin To Net: NetName=LED1_U2 Pin=U2-15
Added Pin To Net: NetName=LED2_U2 Pin=U2-17
Added Pin To Net: NetName=LED0_U2 Pin=U2-21
Added Pin To Net: NetName=LEDA_U3 Pin=U3-2
Added Pin To Net: NetName=LEDC_U3 Pin=U3-6
Added Pin To Net: NetName=LEDB_U3 Pin=U3-11
Added Pin To Net: NetName=LED1_U3 Pin=U3-14
Added Pin To Net: NetName=LED6_U3 Pin=U3-15
Added Pin To Net: NetName=LED2_U3 Pin=U3-16
Added Pin To Net: NetName=LED7_U3 Pin=U3-17
Added Pin To Net: NetName=LED3_U3 Pin=U3-20
Added Pin To Net: NetName=LED5_U3 Pin=U3-21
Added Pin To Net: NetName=LED0_U3 Pin=U3-22
Added Pin To Net: NetName=LED4_U3 Pin=U3-23
Added Pin To Net: NetName=LEDA_U4 Pin=U4-2
Added Pin To Net: NetName=LEDC_U4 Pin=U4-6
Added Pin To Net: NetName=LEDD_U4 Pin=U4-7
Added Pin To Net: NetName=LEDB_U4 Pin=U4-11
Added Pin To Net: NetName=LED1_U4 Pin=U4-15
Added Pin To Net: NetName=LED2_U4 Pin=U4-17
Added Pin To Net: NetName=LED0_U4 Pin=U4-21
Change Net Name : Old Net Name=LED0_U1 New Net Name=LEDDP_U1
Change Net Name : Old Net Name=LED0_U2 New Net Name=LEDE_U2
Change Net Name : Old Net Name=LED0_U3 New Net Name=LEDDP_U3
Change Net Name : Old Net Name=LED0_U4 New Net Name=LEDE_U4
Change Net Name : Old Net Name=LED1_U1 New Net Name=LEDA_U1
Change Net Name : Old Net Name=LED1_U2 New Net Name=LEDF_U2
Change Net Name : Old Net Name=LED1_U3 New Net Name=LEDA_U3
Change Net Name : Old Net Name=LED1_U4 New Net Name=LEDF_U4
Change Net Name : Old Net Name=LED2_U1 New Net Name=LEDB_U1
Change Net Name : Old Net Name=LED2_U2 New Net Name=LEDG_U2
Change Net Name : Old Net Name=LED2_U3 New Net Name=LEDB_U3
Change Net Name : Old Net Name=LED2_U4 New Net Name=LEDG_U4
Change Net Name : Old Net Name=LED3_U1 New Net Name=LEDC_U1
Change Net Name : Old Net Name=LED3_U3 New Net Name=LEDC_U3
Change Net Name : Old Net Name=LED4_U1 New Net Name=LEDD_U1
Change Net Name : Old Net Name=LED4_U3 New Net Name=LEDD_U3
Change Net Name : Old Net Name=LED5_U1 New Net Name=LEDE_U1
Change Net Name : Old Net Name=LED5_U3 New Net Name=LEDE_U3
Change Net Name : Old Net Name=LED6_U1 New Net Name=LEDF_U1
Change Net Name : Old Net Name=LED6_U3 New Net Name=LEDF_U3
Change Net Name : Old Net Name=LED7_U1 New Net Name=LEDG_U1
Change Net Name : Old Net Name=LED7_U3 New Net Name=LEDG_U3
Change Net Name : Old Net Name=LEDA_U1 New Net Name=LED0_U1
Change Net Name : Old Net Name=LEDA_U2 New Net Name=LED0_U2
Change Net Name : Old Net Name=LEDA_U3 New Net Name=LED0_U3
Change Net Name : Old Net Name=LEDA_U4 New Net Name=LED0_U4
Change Net Name : Old Net Name=LEDB_U1 New Net Name=LED1_U1
Change Net Name : Old Net Name=LEDB_U2 New Net Name=LED1_U2
Change Net Name : Old Net Name=LEDB_U3 New Net Name=LED1_U3
Change Net Name : Old Net Name=LEDB_U4 New Net Name=LED1_U4
Change Net Name : Old Net Name=LEDC_U1 New Net Name=LED2_U1
Change Net Name : Old Net Name=LEDC_U2 New Net Name=LED2_U2
Change Net Name : Old Net Name=LEDC_U3 New Net Name=LED2_U3
Change Net Name : Old Net Name=LEDC_U4 New Net Name=LED2_U4
Change Net Name : Old Net Name=LEDD_U1 New Net Name=LED3_U1
Change Net Name : Old Net Name=LEDD_U2 New Net Name=LED3_U2
Change Net Name : Old Net Name=LEDD_U4 New Net Name=LED3_U4
Change Net Name : Old Net Name=LEDDP_U1 New Net Name=LED7_U1
Change Net Name : Old Net Name=LEDDP_U2 New Net Name=LED7_U2
Change Net Name : Old Net Name=LEDE_U1 New Net Name=LED4_U1
Change Net Name : Old Net Name=LEDE_U2 New Net Name=LED4_U2
Change Net Name : Old Net Name=LEDF_U1 New Net Name=LED5_U1
Change Net Name : Old Net Name=LEDF_U2 New Net Name=LED5_U2
Change Net Name : Old Net Name=LEDG_U1 New Net Name=LED6_U1
Change Net Name : Old Net Name=LEDG_U2 New Net Name=LED6_U2
Added Pin To Net: NetName=LEDD_U4 Pin=LED_M1-2
Added Pin To Net: NetName=LEDD_U4 Pin=U4-23
Added Net: Name=LEDD_U4
Added Member To Class: ClassName=Sche Member=Component U2 MAX7219CWG
