Removed Pin From Net: NetName=LED0_U4 Pin=LED_S1-2
Removed Pin From Net: NetName=LED0_U2 Pin=U2-2
Removed Pin From Net: NetName=LED4_U2 Pin=U2-3
Removed Pin From Net: NetName=LED6_U2 Pin=U2-5
Removed Pin From Net: NetName=LED2_U2 Pin=U2-6
Removed Pin From Net: NetName=LED3_U2 Pin=U2-7
Removed Pin From Net: NetName=LED7_U2 Pin=U2-8
Removed Pin From Net: NetName=LED5_U2 Pin=U2-10
Removed Pin From Net: NetName=LED1_U2 Pin=U2-11
Removed Pin From Net: NetName=LEDA_U2 Pin=U2-14
Removed Pin From Net: NetName=LEDB_U2 Pin=U2-16
Removed Pin From Net: NetName=LEDC_U2 Pin=U2-20
Removed Member From Class: ClassName=Sche Member=LED_S1
Added Pin To Net: NetName=LEDA_U2 Pin=U2-2
Added Pin To Net: NetName=LEDC_U2 Pin=U2-6
Added Pin To Net: NetName=LEDB_U2 Pin=U2-11
Added Pin To Net: NetName=LED0_U2 Pin=U2-14
Added Pin To Net: NetName=LED1_U2 Pin=U2-16
Added Pin To Net: NetName=LED2_U2 Pin=U2-20
Change Net Name : Old Net Name=LED0_U2 New Net Name=LEDA_U2
Change Net Name : Old Net Name=LED1_U2 New Net Name=LEDB_U2
Change Net Name : Old Net Name=LED2_U2 New Net Name=LEDC_U2
Change Net Name : Old Net Name=LED3_U2 New Net Name=LEDD_U2
Change Net Name : Old Net Name=LED4_U2 New Net Name=LEDE_U2
Change Net Name : Old Net Name=LED5_U2 New Net Name=LEDF_U2
Change Net Name : Old Net Name=LED6_U2 New Net Name=LEDG_U2
Change Net Name : Old Net Name=LED7_U2 New Net Name=LEDH_U2
Change Net Name : Old Net Name=LEDA_U2 New Net Name=LED0_U2
Change Net Name : Old Net Name=LEDB_U2 New Net Name=LED1_U2
Change Net Name : Old Net Name=LEDC_U2 New Net Name=LED2_U2
Added Pin To Net: NetName=LED3_U2 Pin=U2-7
Added Net: Name=LED3_U2
Added Pin To Net: NetName=LED4_U2 Pin=U2-3
Added Net: Name=LED4_U2
Added Pin To Net: NetName=LED5_U2 Pin=U2-10
Added Net: Name=LED5_U2
Added Pin To Net: NetName=LED6_U2 Pin=U2-5
Added Net: Name=LED6_U2
Added Pin To Net: NetName=LED7_U2 Pin=U2-8
Added Net: Name=LED7_U2
Added Pin To Net: NetName=LEDF_U4 Pin=U4-15
Added Net: Name=LEDF_U4
